Using pre-set license
Built from '2020.3/staging' branch; Version is '2020.3.25f1 (9b9180224418) revision 10195328'; Using compiler version '192528614'; Build Type 'Release'
OS: 'Windows 10  (10.0.19042) 64bit Professional' Language: 'pt' Physical Memory: 14284 MB
BatchMode: 1, IsHumanControllingUs: 0, StartBugReporterOnCrash: 0, Is64bit: 1, IsPro: 0

COMMAND LINE ARGUMENTS:
C:\Program Files\Unity\Hub\Editor\2020.3.25f1\Editor\Unity.exe
-adb2
-batchMode
-noUpm
-name
AssetImportWorker0
-projectPath
C:/Users/RICK/Documents/GitHub/Zombie-Apocalypse-Unity3d-Alura/apocalipse-zumbi-alura
-logFile
Logs/AssetImportWorker0.log
-srvPort
56101
Successfully changed project path to: C:/Users/RICK/Documents/GitHub/Zombie-Apocalypse-Unity3d-Alura/apocalipse-zumbi-alura
C:/Users/RICK/Documents/GitHub/Zombie-Apocalypse-Unity3d-Alura/apocalipse-zumbi-alura
Using Asset Import Pipeline V2.
Refreshing native plugins compatible for Editor in 64.36 ms, found 2 plugins.
Preloading 0 native plugins for Editor in 0.00 ms.
Initialize engine version: 2020.3.25f1 (9b9180224418)
[Subsystems] Discovering subsystems at path C:/Program Files/Unity/Hub/Editor/2020.3.25f1/Editor/Data/Resources/UnitySubsystems
[Subsystems] Discovering subsystems at path C:/Users/RICK/Documents/GitHub/Zombie-Apocalypse-Unity3d-Alura/apocalipse-zumbi-alura/Assets
GfxDevice: creating device client; threaded=0
Direct3D:
    Version:  Direct3D 11.0 [level 11.1]
    Renderer: AMD Radeon(TM) Vega 3 Graphics (ID=0x15d8)
    Vendor:   
    VRAM:     7142 MB
    Driver:   30.0.14011.3017
Initialize mono
Mono path[0] = 'C:/Program Files/Unity/Hub/Editor/2020.3.25f1/Editor/Data/Managed'
Mono path[1] = 'C:/Program Files/Unity/Hub/Editor/2020.3.25f1/Editor/Data/MonoBleedingEdge/lib/mono/unityjit'
Mono config path = 'C:/Program Files/Unity/Hub/Editor/2020.3.25f1/Editor/Data/MonoBleedingEdge/etc'
Using monoOptions --debugger-agent=transport=dt_socket,embedding=1,server=y,suspend=n,address=127.0.0.1:56744
Begin MonoManager ReloadAssembly
Registering precompiled unity dll's ...
Register platform support module: C:/Program Files/Unity/Hub/Editor/2020.3.25f1/Editor/Data/PlaybackEngines/WebGLSupport/UnityEditor.WebGL.Extensions.dll
Register platform support module: C:/Program Files/Unity/Hub/Editor/2020.3.25f1/Editor/Data/PlaybackEngines/WindowsStandaloneSupport/UnityEditor.WindowsStandalone.Extensions.dll
Registered in 0.005840 seconds.
Native extension for WindowsStandalone target not found
Native extension for WebGL target not found
Refreshing native plugins compatible for Editor in 52.44 ms, found 2 plugins.
Preloading 0 native plugins for Editor in 0.00 ms.
Mono: successfully reloaded assembly
- Completed reload, in  0.961 seconds
Domain Reload Profiling:
	ReloadAssembly (961ms)
		BeginReloadAssembly (91ms)
			ExecutionOrderSort (0ms)
			DisableScriptedObjects (0ms)
			BackupInstance (0ms)
			ReleaseScriptingObjects (0ms)
			CreateAndSetChildDomain (1ms)
		EndReloadAssembly (738ms)
			LoadAssemblies (90ms)
			RebuildTransferFunctionScriptingTraits (0ms)
			SetupTypeCache (240ms)
			ReleaseScriptCaches (0ms)
			RebuildScriptCaches (50ms)
			SetupLoadedEditorAssemblies (292ms)
				LogAssemblyErrors (0ms)
				InitializePlatformSupportModulesInManaged (9ms)
				SetLoadedEditorAssemblies (0ms)
				RefreshPlugins (53ms)
				BeforeProcessingInitializeOnLoad (26ms)
				ProcessInitializeOnLoadAttributes (158ms)
				ProcessInitializeOnLoadMethodAttributes (45ms)
				AfterProcessingInitializeOnLoad (0ms)
				EditorAssembliesLoaded (0ms)
			ExecutionOrderSort2 (0ms)
			AwakeInstancesAfterBackupRestoration (0ms)
Platform modules already initialized, skipping
Registering precompiled user dll's ...
Registered in 0.012492 seconds.
Begin MonoManager ReloadAssembly
Native extension for WindowsStandalone target not found
Native extension for WebGL target not found
Refreshing native plugins compatible for Editor in 0.95 ms, found 2 plugins.
Preloading 0 native plugins for Editor in 0.00 ms.
Mono: successfully reloaded assembly
- Completed reload, in  1.817 seconds
Domain Reload Profiling:
	ReloadAssembly (1819ms)
		BeginReloadAssembly (273ms)
			ExecutionOrderSort (0ms)
			DisableScriptedObjects (11ms)
			BackupInstance (0ms)
			ReleaseScriptingObjects (0ms)
			CreateAndSetChildDomain (30ms)
		EndReloadAssembly (1438ms)
			LoadAssemblies (146ms)
			RebuildTransferFunctionScriptingTraits (0ms)
			SetupTypeCache (420ms)
			ReleaseScriptCaches (0ms)
			RebuildScriptCaches (83ms)
			SetupLoadedEditorAssemblies (627ms)
				LogAssemblyErrors (0ms)
				InitializePlatformSupportModulesInManaged (14ms)
				SetLoadedEditorAssemblies (1ms)
				RefreshPlugins (1ms)
				BeforeProcessingInitializeOnLoad (223ms)
				ProcessInitializeOnLoadAttributes (353ms)
				ProcessInitializeOnLoadMethodAttributes (23ms)
				AfterProcessingInitializeOnLoad (12ms)
				EditorAssembliesLoaded (0ms)
			ExecutionOrderSort2 (0ms)
			AwakeInstancesAfterBackupRestoration (9ms)
Platform modules already initialized, skipping
========================================================================
Worker process is ready to serve import requests
Launched and connected shader compiler UnityShaderCompiler.exe after 0.06 seconds
Refreshing native plugins compatible for Editor in 0.61 ms, found 2 plugins.
Preloading 0 native plugins for Editor in 0.00 ms.
Unloading 1674 Unused Serialized files (Serialized files now loaded: 0)
System memory in use before: 77.0 MB.
System memory in use after: 77.1 MB.

Unloading 27 unused Assets to reduce memory usage. Loaded Objects now: 2114.
Total: 4.208800 ms (FindLiveObjects: 0.261700 ms CreateObjectMapping: 0.086000 ms MarkObjects: 3.758700 ms  DeleteObjects: 0.099600 ms)

AssetImportParameters requested are different than current active one (requested -> active):
  custom:framework-win-MediaFoundation: 216162199b28c13a410421893ffa2e32 -> 
  custom:video-decoder-ogg-theora: a1e56fd34408186e4bbccfd4996cb3dc -> 
  custom:container-muxer-webm: aa71ff27fc2769a1b78a27578f13a17b -> 
  custom:container-demuxer-webm: 4f35f7cbe854078d1ac9338744f61a02 -> 
  custom:container-demuxer-ogg: 62fdf1f143b41e24485cea50d1cbac27 -> 
  custom:video-encoder-webm-vp8: eb34c28f22e8b96e1ab97ce403110664 -> 
  custom:video-decoder-webm-vp8: 9c59270c3fd7afecdb556c50c9e8de78 -> 
  custom:audio-decoder-ogg-vorbis: bf7c407c2cedff20999df2af8eb42d56 -> 
  custom:audio-encoder-webm-vorbis: bf7c407c2cedff20999df2af8eb42d56 -> 
========================================================================
Received Import Request.
  path: Assets/Retro UI Sounds/Bonus
  artifactKey: Guid(ea706035a43ff644a986d6101f06a27e) Importer(815301076,1909f56bfc062723c751e8b465ee728b)
Start importing Assets/Retro UI Sounds/Bonus using Guid(ea706035a43ff644a986d6101f06a27e) Importer(815301076,1909f56bfc062723c751e8b465ee728b)  -> (artifact id: '51be2414e08e3709604d09316f75b749') in 0.008990 seconds 
  Import took 0.013522 seconds .

========================================================================
Received Import Request.
  Time since last request: 262.474426 seconds.
  path: Assets/Retro UI Sounds/Select/ui_select_4.wav
  artifactKey: Guid(3c08c0ccc890cb048be25839fb33b8cf) Importer(815301076,1909f56bfc062723c751e8b465ee728b)
Start importing Assets/Retro UI Sounds/Select/ui_select_4.wav using Guid(3c08c0ccc890cb048be25839fb33b8cf) Importer(815301076,1909f56bfc062723c751e8b465ee728b)  -> (artifact id: '9ebbf5da0189411f94812122db12753e') in 0.098865 seconds 
  Import took 0.104682 seconds .

========================================================================
Received Import Request.
  Time since last request: 8.627634 seconds.
  path: Assets/Retro UI Sounds/Bonus/ui_pause.wav
  artifactKey: Guid(5feec34d02e08e24f83e43fafffb70d8) Importer(815301076,1909f56bfc062723c751e8b465ee728b)
Start importing Assets/Retro UI Sounds/Bonus/ui_pause.wav using Guid(5feec34d02e08e24f83e43fafffb70d8) Importer(815301076,1909f56bfc062723c751e8b465ee728b)  -> (artifact id: 'cbc201725620b1d8b9beaa86a9214d84') in 0.006517 seconds 
  Import took 0.010617 seconds .

========================================================================
Received Import Request.
  Time since last request: 18.666352 seconds.
  path: Assets/Retro UI Sounds/Bonus/ui_pause.wav
  artifactKey: Guid(5feec34d02e08e24f83e43fafffb70d8) Importer(815301076,1909f56bfc062723c751e8b465ee728b)
Start importing Assets/Retro UI Sounds/Bonus/ui_pause.wav using Guid(5feec34d02e08e24f83e43fafffb70d8) Importer(815301076,1909f56bfc062723c751e8b465ee728b)  -> (artifact id: '322df06a2c92d8344e6212275c1da526') in 0.098766 seconds 
  Import took 0.103217 seconds .

========================================================================
Received Import Request.
  Time since last request: 5.715834 seconds.
  path: Assets/Retro UI Sounds/Accept/ui_accept_1.wav
  artifactKey: Guid(919f8010bb9c20940ab043b15fc09020) Importer(815301076,1909f56bfc062723c751e8b465ee728b)
Start importing Assets/Retro UI Sounds/Accept/ui_accept_1.wav using Guid(919f8010bb9c20940ab043b15fc09020) Importer(815301076,1909f56bfc062723c751e8b465ee728b)  -> (artifact id: '0d4900df584f0473f72fa281e77a8c1b') in 0.006605 seconds 
  Import took 0.364911 seconds .

========================================================================
Received Import Request.
  Time since last request: 3.688919 seconds.
  path: Assets/Retro UI Sounds/Accept/ui_accept_1.wav
  artifactKey: Guid(919f8010bb9c20940ab043b15fc09020) Importer(815301076,1909f56bfc062723c751e8b465ee728b)
Start importing Assets/Retro UI Sounds/Accept/ui_accept_1.wav using Guid(919f8010bb9c20940ab043b15fc09020) Importer(815301076,1909f56bfc062723c751e8b465ee728b)  -> (artifact id: 'd6010502f1bf9a40da5723de9b4a30f6') in 0.018533 seconds 
  Import took 0.025878 seconds .

AssetImportWorkerClient::OnTransportError - code=2 error=End of file
